<?xml version="1.0" encoding="UTF-8"?>
<testsuites>
  <testsuite name="Like_on_test_lumen_ceek_com" timestamp="2020-11-23T08:38:40" time="20.428" tests="1" failures="0" errors="1" skipped="0">
    <properties>
      <property name="specId" value="0"/>
      <property name="featureName" value="Like on test.lumen.ceek.com"/>
      <property name="capabilities" value="chrome.87_0_4280_66.linux"/>
      <property name="featureFile" value="./src/features/like.feature"/>
    </properties>
    <testcase classname="CucumberJUnitReport-chrome.87_0_4280_66.linux.Like_on_test_lumen_ceek_com" name="Like_on_test_lumen_ceek_com.Like" time="20.425">
      <error message="[2mexpect([22m[31mreceived[39m[2m).[22mtoEqual[2m([22m[32mexpected[39m[2m) // deep equality[22m&#xA;&#xA;Expected: [32m&quot;366&quot;[39m&#xA;Received: [31mnull[39m"/>
      <system-out>
        <![CDATA[
âœ… Given I am on the login page do loginâœ… When I log in and go to discover and click on like buttonâ— Then The video must be liked
]]>
      </system-out>
      <system-err>
        <![CDATA[
Error: [2mexpect([22m[31mreceived[39m[2m).[22mtoEqual[2m([22m[32mexpected[39m[2m) // deep equality[22m

Expected: [32m"366"[39m
Received: [31mnull[39m
    at World.<anonymous> (/home/tm/Documents/wdiocucumberautotest/webdriverio-test/src/steps/like.js:31:19)
]]>
      </system-err>
    </testcase>
  </testsuite>
</testsuites>